# JRE version: Java(TM) SE Runtime Environment (8.0_221-b11) (build 1.8.0_221-b11)
# Java VM: Java HotSpot(TM) 64-Bit Server VM (25.221-b11 mixed mode windows-amd64 compressed oops)
Heap:
 PSYoungGen      total 584192K, used 441364K [0x00000000d6300000, 0x0000000100000000, 0x0000000100000000)
  eden space 508928K, 72% used [0x00000000d6300000,0x00000000ec8f0c18,0x00000000f5400000)
  from space 75264K, 99% used [0x00000000f5400000,0x00000000f9d14650,0x00000000f9d80000)
  to   space 90624K, 0% used [0x00000000fa780000,0x00000000fa780000,0x0000000100000000)
 ParOldGen       total 449536K, used 405933K [0x0000000082800000, 0x000000009df00000, 0x00000000d6300000)
  object space 449536K, 90% used [0x0000000082800000,0x000000009b46b420,0x000000009df00000)
 Metaspace       used 1315336K, capacity 1330242K, committed 1340568K, reserved 2197504K
  class space    used 191787K, capacity 194665K, committed 194736K, reserved 1048576K
GC Heap History (10 events):
Event: 4502.290 GC heap before
{Heap before GC invocations=150 (full 9):
 PSYoungGen      total 604160K, used 575113K [0x00000000d6300000, 0x0000000100000000, 0x0000000100000000)
  eden space 522752K, 100% used [0x00000000d6300000,0x00000000f6180000,0x00000000f6180000)
  from space 81408K, 64% used [0x00000000fb080000,0x00000000fe3a27c0,0x0000000100000000)
  to   space 80896K, 0% used [0x00000000f6180000,0x00000000f6180000,0x00000000fb080000)
 ParOldGen       total 449536K, used 371808K [0x0000000082800000, 0x000000009df00000, 0x00000000d6300000)
  object space 449536K, 82% used [0x0000000082800000,0x0000000099318088,0x000000009df00000)
 Metaspace       used 1256122K, capacity 1270304K, committed 1280024K, reserved 2146304K
  class space    used 182816K, capacity 185552K, committed 185648K, reserved 1048576K
Event: 4502.361 GC heap after
Heap after GC invocations=150 (full 9):
 PSYoungGen      total 598016K, used 75185K [0x00000000d6300000, 0x0000000100000000, 0x0000000100000000)
  eden space 522752K, 0% used [0x00000000d6300000,0x00000000d6300000,0x00000000f6180000)
  from space 75264K, 99% used [0x00000000f6180000,0x00000000faaec6e0,0x00000000fab00000)
  to   space 84480K, 0% used [0x00000000fad80000,0x00000000fad80000,0x0000000100000000)
 ParOldGen       total 449536K, used 380084K [0x0000000082800000, 0x000000009df00000, 0x00000000d6300000)
  object space 449536K, 84% used [0x0000000082800000,0x0000000099b2d040,0x000000009df00000)
 Metaspace       used 1256122K, capacity 1270304K, committed 1280024K, reserved 2146304K
  class space    used 182816K, capacity 185552K, committed 185648K, reserved 1048576K
}
Event: 4520.520 GC heap before
{Heap before GC invocations=151 (full 9):
 PSYoungGen      total 598016K, used 597937K [0x00000000d6300000, 0x0000000100000000, 0x0000000100000000)
  eden space 522752K, 100% used [0x00000000d6300000,0x00000000f6180000,0x00000000f6180000)
  from space 75264K, 99% used [0x00000000f6180000,0x00000000faaec6e0,0x00000000fab00000)
  to   space 84480K, 0% used [0x00000000fad80000,0x00000000fad80000,0x0000000100000000)
 ParOldGen       total 449536K, used 380084K [0x0000000082800000, 0x000000009df00000, 0x00000000d6300000)
  object space 449536K, 84% used [0x0000000082800000,0x0000000099b2d040,0x000000009df00000)
 Metaspace       used 1276811K, capacity 1291294K, committed 1301016K, reserved 2162688K
  class space    used 185899K, capacity 188686K, committed 188720K, reserved 1048576K
Event: 4520.635 GC heap after
Heap after GC invocations=151 (full 9):
 PSYoungGen      total 600576K, used 47554K [0x00000000d6300000, 0x0000000100000000, 0x0000000100000000)
  eden space 516096K, 0% used [0x00000000d6300000,0x00000000d6300000,0x00000000f5b00000)
  from space 84480K, 56% used [0x00000000fad80000,0x00000000fdbf08c8,0x0000000100000000)
  to   space 84480K, 0% used [0x00000000f5b00000,0x00000000f5b00000,0x00000000fad80000)
 ParOldGen       total 449536K, used 386173K [0x0000000082800000, 0x000000009df00000, 0x00000000d6300000)
  object space 449536K, 85% used [0x0000000082800000,0x000000009a11f5f0,0x000000009df00000)
 Metaspace       used 1276811K, capacity 1291294K, committed 1301016K, reserved 2162688K
  class space    used 185899K, capacity 188686K, committed 188720K, reserved 1048576K
}
Event: 4522.753 GC heap before
{Heap before GC invocations=152 (full 9):
 PSYoungGen      total 600576K, used 563650K [0x00000000d6300000, 0x0000000100000000, 0x0000000100000000)
  eden space 516096K, 100% used [0x00000000d6300000,0x00000000f5b00000,0x00000000f5b00000)
  from space 84480K, 56% used [0x00000000fad80000,0x00000000fdbf08c8,0x0000000100000000)
  to   space 84480K, 0% used [0x00000000f5b00000,0x00000000f5b00000,0x00000000fad80000)
 ParOldGen       total 449536K, used 386173K [0x0000000082800000, 0x000000009df00000, 0x00000000d6300000)
  object space 449536K, 85% used [0x0000000082800000,0x000000009a11f5f0,0x000000009df00000)
 Metaspace       used 1276822K, capacity 1291308K, committed 1301016K, reserved 2162688K
  class space    used 185901K, capacity 188688K, committed 188720K, reserved 1048576K
Event: 4522.822 GC heap after
Heap after GC invocations=152 (full 9):
 PSYoungGen      total 592896K, used 76412K [0x00000000d6300000, 0x0000000100000000, 0x0000000100000000)
  eden space 516096K, 0% used [0x00000000d6300000,0x00000000d6300000,0x00000000f5b00000)
  from space 76800K, 99% used [0x00000000f5b00000,0x00000000fa59f098,0x00000000fa600000)
  to   space 88064K, 0% used [0x00000000faa00000,0x00000000faa00000,0x0000000100000000)
 ParOldGen       total 449536K, used 393510K [0x0000000082800000, 0x000000009df00000, 0x00000000d6300000)
  object space 449536K, 87% used [0x0000000082800000,0x000000009a849a68,0x000000009df00000)
 Metaspace       used 1276822K, capacity 1291308K, committed 1301016K, reserved 2162688K
  class space    used 185901K, capacity 188688K, committed 188720K, reserved 1048576K
}
Event: 4554.183 GC heap before
{Heap before GC invocations=153 (full 9):
 PSYoungGen      total 592896K, used 592508K [0x00000000d6300000, 0x0000000100000000, 0x0000000100000000)
  eden space 516096K, 100% used [0x00000000d6300000,0x00000000f5b00000,0x00000000f5b00000)
  from space 76800K, 99% used [0x00000000f5b00000,0x00000000fa59f098,0x00000000fa600000)
  to   space 88064K, 0% used [0x00000000faa00000,0x00000000faa00000,0x0000000100000000)
 ParOldGen       total 449536K, used 393510K [0x0000000082800000, 0x000000009df00000, 0x00000000d6300000)
  object space 449536K, 87% used [0x0000000082800000,0x000000009a849a68,0x000000009df00000)
 Metaspace       used 1296509K, capacity 1311178K, committed 1321240K, reserved 2181120K
  class space    used 188896K, capacity 191726K, committed 191792K, reserved 1048576K
Event: 4554.228 GC heap after
Heap after GC invocations=153 (full 9):
 PSYoungGen      total 596992K, used 46979K [0x00000000d6300000, 0x0000000100000000, 0x0000000100000000)
  eden space 508928K, 0% used [0x00000000d6300000,0x00000000d6300000,0x00000000f5400000)
  from space 88064K, 53% used [0x00000000faa00000,0x00000000fd7e0d50,0x0000000100000000)
  to   space 88064K, 0% used [0x00000000f5400000,0x00000000f5400000,0x00000000faa00000)
 ParOldGen       total 449536K, used 399558K [0x0000000082800000, 0x000000009df00000, 0x00000000d6300000)
  object space 449536K, 88% used [0x0000000082800000,0x000000009ae31a30,0x000000009df00000)
 Metaspace       used 1296509K, capacity 1311178K, committed 1321240K, reserved 2181120K
  class space    used 188896K, capacity 191726K, committed 191792K, reserved 1048576K
}
Event: 4556.058 GC heap before
{Heap before GC invocations=154 (full 9):
 PSYoungGen      total 596992K, used 555907K [0x00000000d6300000, 0x0000000100000000, 0x0000000100000000)
  eden space 508928K, 100% used [0x00000000d6300000,0x00000000f5400000,0x00000000f5400000)
  from space 88064K, 53% used [0x00000000faa00000,0x00000000fd7e0d50,0x0000000100000000)
  to   space 88064K, 0% used [0x00000000f5400000,0x00000000f5400000,0x00000000faa00000)
 ParOldGen       total 449536K, used 399558K [0x0000000082800000, 0x000000009df00000, 0x00000000d6300000)
  object space 449536K, 88% used [0x0000000082800000,0x000000009ae31a30,0x000000009df00000)
 Metaspace       used 1296520K, capacity 1311192K, committed 1321240K, reserved 2181120K
  class space    used 188898K, capacity 191728K, committed 191792K, reserved 1048576K
Event: 4556.118 GC heap after
Heap after GC invocations=154 (full 9):
 PSYoungGen      total 584192K, used 74833K [0x00000000d6300000, 0x0000000100000000, 0x0000000100000000)
  eden space 508928K, 0% used [0x00000000d6300000,0x00000000d6300000,0x00000000f5400000)
  from space 75264K, 99% used [0x00000000f5400000,0x00000000f9d14650,0x00000000f9d80000)
  to   space 90624K, 0% used [0x00000000fa780000,0x00000000fa780000,0x0000000100000000)
 ParOldGen       total 449536K, used 405933K [0x0000000082800000, 0x000000009df00000, 0x00000000d6300000)
  object space 449536K, 90% used [0x0000000082800000,0x000000009b46b420,0x000000009df00000)
 Metaspace       used 1296520K, capacity 1311192K, committed 1321240K, reserved 2181120K
  class space    used 188898K, capacity 191728K, committed 191792K, reserved 1048576K
}

